<?xml version="1.0" encoding="UTF-8"?>
<!-- Generated by org.testng.reporters.JUnitXMLReporter -->
<testsuite ignored="0" hostname="ttn046517" failures="0" tests="2" name="Default test" time="21.592" errors="0" timestamp="2021-07-18T18:30:22 AEST">
  <testcase classname="com.jupiter.tests.Jupiter_ShopCartPage" name="TC_03_VerifyTheShoppingCartData" time="5.316"/>
  <testcase classname="com.jupiter.tests.Jupiter_ShopCartPage" name="TC_04_VerifyTheShoppingCartData" time="9.617"/>
</testsuite> <!-- Default test -->
