<?xml version="1.0" encoding="UTF-8"?>
<!-- Generated by org.testng.reporters.JUnitXMLReporter -->
<testsuite ignored="3" hostname="ttn046517" failures="0" tests="8" name="Jupiter Test Automation" time="82.899" errors="0" timestamp="2021-07-18T19:16:57 AEST">
  <testcase classname="com.jupiter.tests.Jupiter_ContactPage" name="TC_01_ValidateFieldsOnContactPage" time="4.562"/>
  <testcase classname="com.jupiter.tests.Jupiter_ContactPage" name="TC_02_VerifyFeedbackSubmission" time="8.179"/>
  <testcase classname="com.jupiter.tests.Jupiter_ContactPage" name="TC_02_VerifyFeedbackSubmission" time="5.358"/>
  <testcase classname="com.jupiter.tests.Jupiter_ContactPage" name="TC_02_VerifyFeedbackSubmission" time="6.363"/>
  <testcase classname="com.jupiter.tests.Jupiter_ContactPage" name="TC_02_VerifyFeedbackSubmission" time="21.134"/>
  <testcase classname="com.jupiter.tests.Jupiter_ContactPage" name="TC_02_VerifyFeedbackSubmission" time="16.507"/>
  <testcase classname="com.jupiter.tests.Jupiter_ShopCartPage" name="TC_03_VerifyTheShoppingCartData" time="3.386"/>
  <testcase classname="com.jupiter.tests.Jupiter_ShopCartPage" name="TC_04_VerifyPriceDetailsOfCartData" time="10.782"/>
  <testcase classname="com.jupiter.pages.Base" name="@BeforeTest setUp" time="0.0">
    <ignored/>
  </testcase> <!-- @BeforeTest setUp -->
  <testcase classname="com.jupiter.pages.Base" name="@AfterTest tearDown" time="0.0">
    <ignored/>
  </testcase> <!-- @AfterTest tearDown -->
  <testcase classname="com.jupiter.pages.Base" name="@BeforeSuite setEnvironment" time="0.0">
    <ignored/>
  </testcase> <!-- @BeforeSuite setEnvironment -->
</testsuite> <!-- Jupiter Test Automation -->
